Using pre-set license
Built from '2020.3/release' branch; Version is '2020.3.2f1 (8fd9074bf66c) revision 9427207'; Using compiler version '192528614'; Build Type 'Release'
OS: 'Windows 10 Home; OS build 19041.928; Version 2004; 64bit' Language: 'en' Physical Memory: 16261 MB
BatchMode: 1, IsHumanControllingUs: 0, StartBugReporterOnCrash: 0, Is64bit: 1, IsPro: 0

 COMMAND LINE ARGUMENTS:
C:\Program Files\Unity\Hub\Editor\2020.3.2f1\Editor\Unity.exe
-adb2
-batchMode
-noUpm
-name
AssetImportWorker0
-projectPath
C:/Users/majed/CS464 Puzzle
-logFile
Logs/AssetImportWorker0.log
-srvPort
49751
Successfully changed project path to: C:/Users/majed/CS464 Puzzle
C:/Users/majed/CS464 Puzzle
Using Asset Import Pipeline V2.
Refreshing native plugins compatible for Editor in 25.75 ms, found 0 plugins.
Preloading 0 native plugins for Editor in 0.00 ms.
Initialize engine version: 2020.3.2f1 (8fd9074bf66c)
[Subsystems] Discovering subsystems at path C:/Program Files/Unity/Hub/Editor/2020.3.2f1/Editor/Data/Resources/UnitySubsystems
[Subsystems] Discovering subsystems at path C:/Users/majed/CS464 Puzzle/Assets
GfxDevice: creating device client; threaded=0
Direct3D:
    Version:  Direct3D 11.0 [level 11.1]
    Renderer: NVIDIA GeForce GTX 1660 Ti (ID=0x2191)
    Vendor:   
    VRAM:     5991 MB
    Driver:   27.21.14.5763
Initialize mono
Mono path[0] = 'C:/Program Files/Unity/Hub/Editor/2020.3.2f1/Editor/Data/Managed'
Mono path[1] = 'C:/Program Files/Unity/Hub/Editor/2020.3.2f1/Editor/Data/MonoBleedingEdge/lib/mono/unityjit'
Mono config path = 'C:/Program Files/Unity/Hub/Editor/2020.3.2f1/Editor/Data/MonoBleedingEdge/etc'
Using monoOptions --debugger-agent=transport=dt_socket,embedding=1,server=y,suspend=n,address=127.0.0.1:56404
Begin MonoManager ReloadAssembly
Registering precompiled unity dll's ...
Register platform support module: C:/Program Files/Unity/Hub/Editor/2020.3.2f1/Editor/Data/PlaybackEngines/WebGLSupport/UnityEditor.WebGL.Extensions.dll
Register platform support module: C:/Program Files/Unity/Hub/Editor/2020.3.2f1/Editor/Data/PlaybackEngines/WindowsStandaloneSupport/UnityEditor.WindowsStandalone.Extensions.dll
Registered in 0.002680 seconds.
Native extension for WindowsStandalone target not found
Native extension for WebGL target not found
Refreshing native plugins compatible for Editor in 25.60 ms, found 0 plugins.
Preloading 0 native plugins for Editor in 0.00 ms.
Invoked RoslynAnalysisRunner static constructor.
RoslynAnalysisRunner will not be running.
RoslynAnalysisRunner has terminated.
Mono: successfully reloaded assembly
- Completed reload, in  1.172 seconds
Platform modules already initialized, skipping
Registering precompiled user dll's ...
Registered in 0.001235 seconds.
Begin MonoManager ReloadAssembly
Native extension for WindowsStandalone target not found
Native extension for WebGL target not found
Refreshing native plugins compatible for Editor in 0.21 ms, found 0 plugins.
Preloading 0 native plugins for Editor in 0.00 ms.
Invoked RoslynAnalysisRunner static constructor.
RoslynAnalysisRunner will not be running.
RoslynAnalysisRunner has terminated.
Mono: successfully reloaded assembly
- Completed reload, in  0.824 seconds
Platform modules already initialized, skipping
========================================================================
Worker process is ready to serve import requests
Launched and connected shader compiler UnityShaderCompiler.exe after 0.05 seconds
Refreshing native plugins compatible for Editor in 0.26 ms, found 0 plugins.
Preloading 0 native plugins for Editor in 0.00 ms.
Unloading 1301 Unused Serialized files (Serialized files now loaded: 0)
System memory in use before: 84.7 MB.
System memory in use after: 84.8 MB.

Unloading 11 unused Assets to reduce memory usage. Loaded Objects now: 1786.
Total: 1.917000 ms (FindLiveObjects: 0.172700 ms CreateObjectMapping: 0.054900 ms MarkObjects: 1.558000 ms  DeleteObjects: 0.129900 ms)

========================================================================
Received Import Request.
  path: Assets/Scenes/Scene02.unity
  artifactKey: Guid(db64cb77aa3270e4dae7b9b0d13eb4a0) Importer(815301076,1909f56bfc062723c751e8b465ee728b)
Start importing Assets/Scenes/Scene02.unity using Guid(db64cb77aa3270e4dae7b9b0d13eb4a0) Importer(815301076,1909f56bfc062723c751e8b465ee728b)  -> (artifact id: '65a892dc3989a93bf22231d9d60c3da0') in 0.020362 seconds
  Import took 0.022271 seconds .

========================================================================
Received Prepare
Refreshing native plugins compatible for Editor in 0.94 ms, found 0 plugins.
Preloading 0 native plugins for Editor in 0.00 ms.
Unloading 4 Unused Serialized files (Serialized files now loaded: 0)
System memory in use before: 58.7 MB.
System memory in use after: 58.8 MB.

Unloading 4 unused Assets to reduce memory usage. Loaded Objects now: 1786.
Total: 1.833500 ms (FindLiveObjects: 0.144600 ms CreateObjectMapping: 0.038600 ms MarkObjects: 1.559200 ms  DeleteObjects: 0.090100 ms)

========================================================================
Received Import Request.
  Time since last request: 77.548274 seconds.
  path: Assets/New Material 1.mat
  artifactKey: Guid(e07bc14154985b54a9db69a0b0207433) Importer(815301076,1909f56bfc062723c751e8b465ee728b)
Start importing Assets/New Material 1.mat using Guid(e07bc14154985b54a9db69a0b0207433) Importer(815301076,1909f56bfc062723c751e8b465ee728b)  -> (artifact id: 'c65cda0b1278bccef1dcf841e4b174d3') in 0.113202 seconds
  Import took 0.115515 seconds .

========================================================================
Received Import Request.
  Time since last request: 88.735571 seconds.
  path: Assets/New Material 2.mat
  artifactKey: Guid(30f72356e072197409e9fee77209263d) Importer(815301076,1909f56bfc062723c751e8b465ee728b)
Start importing Assets/New Material 2.mat using Guid(30f72356e072197409e9fee77209263d) Importer(815301076,1909f56bfc062723c751e8b465ee728b)  -> (artifact id: '698f382a0eb25e6efaebec31a24fd79c') in 0.011529 seconds
  Import took 0.013829 seconds .

========================================================================
Received Prepare
Registering precompiled user dll's ...
Registered in 0.001265 seconds.
Begin MonoManager ReloadAssembly
Native extension for WindowsStandalone target not found
Native extension for WebGL target not found
Refreshing native plugins compatible for Editor in 0.27 ms, found 0 plugins.
Preloading 0 native plugins for Editor in 0.00 ms.
Invoked RoslynAnalysisRunner static constructor.
RoslynAnalysisRunner will not be running.
RoslynAnalysisRunner has terminated.
Mono: successfully reloaded assembly
- Completed reload, in  1.151 seconds
Platform modules already initialized, skipping
Refreshing native plugins compatible for Editor in 0.72 ms, found 0 plugins.
Preloading 0 native plugins for Editor in 0.00 ms.
Unloading 1294 Unused Serialized files (Serialized files now loaded: 0)
System memory in use before: 87.9 MB.
System memory in use after: 88.0 MB.

Unloading 7 unused Assets to reduce memory usage. Loaded Objects now: 1829.
Total: 6.156200 ms (FindLiveObjects: 0.330200 ms CreateObjectMapping: 0.108100 ms MarkObjects: 5.254500 ms  DeleteObjects: 0.458900 ms)

========================================================================
Received Import Request.
  Time since last request: 137.842778 seconds.
  path: Assets/New Material 2.mat
  artifactKey: Guid(30f72356e072197409e9fee77209263d) Importer(815301076,1909f56bfc062723c751e8b465ee728b)
Start importing Assets/New Material 2.mat using Guid(30f72356e072197409e9fee77209263d) Importer(815301076,1909f56bfc062723c751e8b465ee728b)  -> (artifact id: 'f7c749e72286218998d24a4a85d0a354') in 0.188168 seconds
  Import took 0.195319 seconds .

========================================================================
Received Import Request.
  Time since last request: 0.000771 seconds.
  path: Assets/New Material 1.mat
  artifactKey: Guid(e07bc14154985b54a9db69a0b0207433) Importer(815301076,1909f56bfc062723c751e8b465ee728b)
Start importing Assets/New Material 1.mat using Guid(e07bc14154985b54a9db69a0b0207433) Importer(815301076,1909f56bfc062723c751e8b465ee728b)  -> (artifact id: '94428fbdfa280e374665c05eae500c6b') in 0.030412 seconds
  Import took 0.038787 seconds .

AssetImportWorkerClient::OnTransportError - code=2 error=End of file
